2020-10-04 23:17:44.672  INFO 16076 --- [restartedMain] o.s.b.w.embedded.tomcat.TomcatWebServer  : Tomcat initialized with port(s): 8080 (http)
2020-10-04 23:17:44.673  INFO 16076 --- [restartedMain] o.apache.catalina.core.StandardService   : Starting service [Tomcat]
2020-10-04 23:17:44.673  INFO 16076 --- [restartedMain] org.apache.catalina.core.StandardEngine  : Starting Servlet engine: [Apache Tomcat/9.0.36]
2020-10-04 23:17:44.690  INFO 16076 --- [restartedMain] o.a.c.c.C.[.[localhost].[/community]     : Initializing Spring embedded WebApplicationContext
2020-10-04 23:17:44.690  INFO 16076 --- [restartedMain] w.s.c.ServletWebServerApplicationContext : Root WebApplicationContext: initialization completed in 236 ms
2020-10-04 23:17:44.796  INFO 16076 --- [restartedMain] o.s.s.concurrent.ThreadPoolTaskExecutor  : Initializing ExecutorService 'applicationTaskExecutor'
2020-10-04 23:17:44.811  INFO 16076 --- [restartedMain] o.s.b.a.w.s.WelcomePageHandlerMapping    : Adding welcome page template: index
2020-10-04 23:17:44.873  INFO 16076 --- [restartedMain] o.s.b.d.a.OptionalLiveReloadServer       : LiveReload server is running on port 35729
2020-10-04 23:17:44.901  INFO 16076 --- [restartedMain] o.s.b.w.embedded.tomcat.TomcatWebServer  : Tomcat started on port(s): 8080 (http) with context path '/community'
2020-10-04 23:17:44.907  INFO 16076 --- [restartedMain] .ConditionEvaluationDeltaLoggingListener : Condition evaluation unchanged
2020-10-04 23:17:46.080  INFO 2296 --- [main] o.s.s.concurrent.ThreadPoolTaskExecutor  : Initializing ExecutorService 'applicationTaskExecutor'
2020-10-04 23:17:46.156  INFO 2296 --- [main] o.s.b.a.w.s.WelcomePageHandlerMapping    : Adding welcome page template: index
2020-10-04 23:17:46.722  WARN 2296 --- [main] com.nowcoder.community.LoggerTest        : warn log
2020-10-04 23:17:46.722 ERROR 2296 --- [main] com.nowcoder.community.LoggerTest        : error log
2020-10-04 23:17:46.736  INFO 2296 --- [SpringContextShutdownHook] o.s.s.concurrent.ThreadPoolTaskExecutor  : Shutting down ExecutorService 'applicationTaskExecutor'
2020-10-04 23:19:49.264  INFO 10984 --- [main] o.s.s.concurrent.ThreadPoolTaskExecutor  : Initializing ExecutorService 'applicationTaskExecutor'
2020-10-04 23:19:49.337  INFO 10984 --- [main] o.s.b.a.w.s.WelcomePageHandlerMapping    : Adding welcome page template: index
2020-10-04 23:19:49.850  WARN 10984 --- [main] com.nowcoder.community.LoggerTest        : warn log
2020-10-04 23:19:49.851 ERROR 10984 --- [main] com.nowcoder.community.LoggerTest        : error log
2020-10-04 23:19:49.865  INFO 10984 --- [SpringContextShutdownHook] o.s.s.concurrent.ThreadPoolTaskExecutor  : Shutting down ExecutorService 'applicationTaskExecutor'
2020-10-04 23:21:14.754  INFO 16076 --- [Thread-339] o.s.s.concurrent.ThreadPoolTaskExecutor  : Shutting down ExecutorService 'applicationTaskExecutor'
